<?xml version="1.0" encoding="UTF-8"?>
<testng-results total="3" passed="2" failed="1" skipped="0">
  <reporter-output>
  </reporter-output>
  <suite started-at="2020-09-09T20:30:23Z" name="RegressrionTCs" finished-at="2020-09-09T20:31:08Z" duration-ms="45044">
    <groups>
    </groups>
    <test started-at="2020-09-09T20:30:23Z" name="SeleniumDemo" finished-at="2020-09-09T20:31:08Z" duration-ms="45044">
      <class name="RegresstionTestCases.doCheckGoogleSearchBtnExist">
        <test-method is-config="true" signature="beforeClass()[pri:0, instance:RegresstionTestCases.doCheckGoogleSearchBtnExist@14ec4505]" started-at="2020-09-09T13:30:42Z" name="beforeClass" finished-at="2020-09-09T13:30:47Z" duration-ms="4760" status="PASS">
          <reporter-output>
          </reporter-output>
        </test-method> <!-- beforeClass -->
        <test-method signature="verifySearchButton()[pri:0, instance:RegresstionTestCases.doCheckGoogleSearchBtnExist@14ec4505]" started-at="2020-09-09T13:30:47Z" name="verifySearchButton" finished-at="2020-09-09T13:30:49Z" duration-ms="1763" status="FAIL">
          <exception class="java.lang.AssertionError">
            <message>
              <![CDATA[Google Search expected:<Google Search> but was:<Text not found!>]]>
            </message>
            <full-stacktrace>
              <![CDATA[java.lang.AssertionError: Google Search expected:<Google Search> but was:<Text not found!>
	at org.testng.AssertJUnit.assertEquals(AssertJUnit.java:101)
	at RegresstionTestCases.doCheckGoogleSearchBtnExist.verifySearchButton(doCheckGoogleSearchBtnExist.java:60)
	at java.base/jdk.internal.reflect.NativeMethodAccessorImpl.invoke0(Native Method)
	at java.base/jdk.internal.reflect.NativeMethodAccessorImpl.invoke(NativeMethodAccessorImpl.java:62)
	at java.base/jdk.internal.reflect.DelegatingMethodAccessorImpl.invoke(DelegatingMethodAccessorImpl.java:43)
	at java.base/java.lang.reflect.Method.invoke(Method.java:567)
	at org.testng.internal.MethodInvocationHelper.invokeMethod(MethodInvocationHelper.java:80)
	at org.testng.internal.Invoker.invokeMethod(Invoker.java:714)
	at org.testng.internal.Invoker.invokeTestMethod(Invoker.java:901)
	at org.testng.internal.Invoker.invokeTestMethods(Invoker.java:1231)
	at org.testng.internal.TestMethodWorker.invokeTestMethods(TestMethodWorker.java:127)
	at org.testng.internal.TestMethodWorker.run(TestMethodWorker.java:111)
	at org.testng.TestRunner.privateRun(TestRunner.java:767)
	at org.testng.TestRunner.run(TestRunner.java:617)
	at org.testng.SuiteRunner.runTest(SuiteRunner.java:334)
	at org.testng.SuiteRunner.runSequentially(SuiteRunner.java:329)
	at org.testng.SuiteRunner.privateRun(SuiteRunner.java:291)
	at org.testng.SuiteRunner.run(SuiteRunner.java:240)
	at org.testng.SuiteRunnerWorker.runSuite(SuiteRunnerWorker.java:52)
	at org.testng.SuiteRunnerWorker.run(SuiteRunnerWorker.java:86)
	at org.testng.TestNG.runSuitesSequentially(TestNG.java:1198)
	at org.testng.TestNG.runSuitesLocally(TestNG.java:1123)
	at org.testng.TestNG.run(TestNG.java:1031)
	at org.testng.remote.AbstractRemoteTestNG.run(AbstractRemoteTestNG.java:115)
	at org.testng.remote.RemoteTestNG.initAndRun(RemoteTestNG.java:251)
	at org.testng.remote.RemoteTestNG.main(RemoteTestNG.java:77)
]]>
            </full-stacktrace>
          </exception> <!-- java.lang.AssertionError -->
          <reporter-output>
          </reporter-output>
        </test-method> <!-- verifySearchButton -->
        <test-method is-config="true" signature="afterClass()[pri:0, instance:RegresstionTestCases.doCheckGoogleSearchBtnExist@14ec4505]" started-at="2020-09-09T13:30:49Z" name="afterClass" finished-at="2020-09-09T13:30:49Z" duration-ms="855" status="PASS">
          <reporter-output>
          </reporter-output>
        </test-method> <!-- afterClass -->
      </class> <!-- RegresstionTestCases.doCheckGoogleSearchBtnExist -->
      <class name="RegresstionTestCases.doCheckDropdownList">
        <test-method signature="TestCase1()[pri:0, instance:RegresstionTestCases.doCheckDropdownList@436a4e4b]" started-at="2020-09-09T13:30:23Z" name="TestCase1" finished-at="2020-09-09T13:30:42Z" duration-ms="19526" status="PASS">
          <reporter-output>
          </reporter-output>
        </test-method> <!-- TestCase1 -->
      </class> <!-- RegresstionTestCases.doCheckDropdownList -->
      <class name="RegresstionTestCases.doGetTagValue">
        <test-method is-config="true" signature="beforeClass()[pri:0, instance:RegresstionTestCases.doGetTagValue@f2f2cc1]" started-at="2020-09-09T13:30:49Z" name="beforeClass" finished-at="2020-09-09T13:30:54Z" duration-ms="5021" status="PASS">
          <reporter-output>
          </reporter-output>
        </test-method> <!-- beforeClass -->
        <test-method signature="getTagValue()[pri:0, instance:RegresstionTestCases.doGetTagValue@f2f2cc1]" started-at="2020-09-09T13:30:54Z" name="getTagValue" finished-at="2020-09-09T13:31:06Z" duration-ms="11418" status="PASS">
          <reporter-output>
          </reporter-output>
        </test-method> <!-- getTagValue -->
        <test-method is-config="true" signature="afterClass()[pri:0, instance:RegresstionTestCases.doGetTagValue@f2f2cc1]" started-at="2020-09-09T13:31:06Z" name="afterClass" finished-at="2020-09-09T13:31:08Z" duration-ms="1674" status="PASS">
          <reporter-output>
          </reporter-output>
        </test-method> <!-- afterClass -->
      </class> <!-- RegresstionTestCases.doGetTagValue -->
    </test> <!-- SeleniumDemo -->
  </suite> <!-- RegressrionTCs -->
</testng-results>
